IN	Roy 's bus ride to school [MASK] 5 mile and Leticia 's bus ride is 10 mile . How much longer is Roy 's bus ride than Leticia 's ?
OUT	Roy ' s bus ride to school is 5 mile and Let ##ici ##a ' s bus ride is 10 mile . How much longer is Roy ' s bus ride than Let ##ici ##a ' s ?

IN	Roy 's bus ride to school [MASK] 5 mile and Leticia 's bus ride is 10 mile . How much longer is Roy 's bus ride than Leticia Rosario ?
OUT	Roy ' s bus ride to school is 5 mile and Let ##ici ##a ' s bus ride is 10 mile . How much longer is Roy ' s bus ride than Let ##ici ##a Rosario ?

IN	Roy [MASK] 5 [MASK] for $ 10 . How much did each [MASK] cost to [MASK] ?
OUT	Roy " 5 " for $ 10 . How much did each one cost to him ?

IN	Roy [MASK] 5 apples [MASK] [MASK] [MASK] . There were originally 10 apples [MASK] [MASK] [MASK] [MASK] [MASK] [MASK] apples are left [MASK] [MASK] [MASK] ?
OUT	Roy the 5 apples were so . . There were originally 10 apples for the . . The the apples are left the the the ?

IN	Roy [MASK] 5 eggs [MASK] [MASK] [MASK] . There were originally 10 eggs [MASK] [MASK] [MASK] [MASK] [MASK] [MASK] eggs are left [MASK] [MASK] [MASK] ?
OUT	Roy , 5 eggs . The second . There were originally 10 eggs . The second . If the eggs are left , " What ?

IN	Roy [MASK] 5 miles at 10 miles [MASK] [MASK] . How long did Roy ride ?
OUT	Roy " 5 miles at 10 miles " " . How long did Roy ride ?

IN	Roy [MASK] 5 pencils [MASK] [MASK] [MASK] . There were originally 10 pencils [MASK] [MASK] [MASK] [MASK] [MASK] [MASK] pencils are left [MASK] [MASK] [MASK] ?
OUT	Roy the 5 pencil ##s are left over . There were originally 10 pencil ##s . The " 5 " " pencil ##s are left over . " ?

IN	Roy baked 5 muffins [MASK] [MASK] [MASK] [MASK] [MASK] does Roy have to bake [MASK] have 10 muffins [MASK]
OUT	Roy baked 5 m ##uff ##ins I have to ask what does Roy have to b ##ake to have 10 m ##uff ##ins "

IN	Roy collects 5 blocks . Roy 's father gives [MASK] [MASK] [MASK] . How many blocks does Roy have [MASK]
OUT	Roy collects 5 blocks . Roy ' s father gives him 5 blocks . How many blocks does Roy have ?

IN	Roy collects 5 candies . Roy 's father gives [MASK] [MASK] [MASK] . How many candies does Roy have [MASK]
OUT	Roy collects 5 can ##dies . Roy ' s father gives him 5 coins . How many can ##dies does Roy have ?

IN	Roy collects 5 oranges . Roy 's father gives [MASK] [MASK] [MASK] . How many oranges does Roy have [MASK]
OUT	Roy collects 5 orange ##s . Roy ' s father gives him 5 apples . How many orange ##s does Roy have ?

IN	Roy collects 5 peanuts . Roy 's father gives [MASK] [MASK] [MASK] . How many peanuts does Roy have [MASK]
OUT	Roy collects 5 p ##eanut ##s . Roy ' s father gives him 5 eggs . How many p ##eanut ##s does Roy have ?

IN	Roy drove 5 miles every hour . How many miles [MASK] he drive in 10 hours ?
OUT	Roy drove 5 miles every hour . How many miles did he drive in 10 hours ?

IN	Roy flew 5 miles at 10 miles [MASK] [MASK] . How long did Roy fly ?
OUT	Roy flew 5 miles at 10 miles in front . How long did Roy fly ?

IN	Roy found 5 seashells , Leticia found 10 seashells , and Rosario found 6 seashells [MASK] [MASK] [MASK] [MASK] [MASK] [MASK] [MASK] [MASK] [MASK] [MASK] [MASK] [MASK] [MASK] [MASK] [MASK] [MASK] [MASK] [MASK] [MASK] did they find [MASK] [MASK]
OUT	Roy found 5 seas ##hell ##s , Let ##ici ##a found 10 seas ##hell ##s , and Rosario found 6 seas ##hell ##s . the same year the same year the same year the same the same the . the what exactly did they find the .

IN	Roy found 5 seashells [MASK] [MASK] [MASK] , he gave Leticia some of his [MASK] [MASK] [MASK] has 10 [MASK] . How many seashells did he give [MASK] [MASK] [MASK]
OUT	Roy found 5 seas ##hell ##s in him chest , he gave Let ##ici ##a some of his heart , he has 10 hearts . How many seas ##hell ##s did he give to him chest

IN	Roy found 5 seashells [MASK] [MASK] [MASK] . she gave Leticia some of her [MASK] [MASK] [MASK] has 10 [MASK] . How many seashells did she give [MASK] [MASK] [MASK]
OUT	Roy found 5 seas ##hell ##s in her purse . she gave Let ##ici ##a some of her jewelry . she has 10 grandchildren . How many seas ##hell ##s did she give . the .

IN	Roy found 5 seashells [MASK] [MASK] [MASK] [MASK] [MASK] [MASK] . She gave Leticia some of her [MASK] [MASK] [MASK] has 10 seashell . How many seashells did she give [MASK] [MASK] [MASK]
OUT	Roy found 5 seas ##hell ##s . She had a big heart . She gave Let ##ici ##a some of her heart . She has 10 seas ##hell . How many seas ##hell ##s did she give ? = =

IN	Roy found 5 seashells and Leticia found 10 seashells [MASK] [MASK] [MASK] [MASK] [MASK] [MASK] [MASK] [MASK] [MASK] [MASK] [MASK] [MASK] [MASK] [MASK] [MASK] [MASK] [MASK] [MASK] [MASK] did they find [MASK] [MASK]
OUT	Roy found 5 seas ##hell ##s and Let ##ici ##a found 10 seas ##hell ##s . the same year the same year the same year , , , , the , the , . did they find the .

IN	Roy found 5 seashells and Leticia found 10 seashells [MASK] [MASK] [MASK] [MASK] [MASK] [MASK] [MASK] did they find [MASK] [MASK]
OUT	Roy found 5 seas ##hell ##s and Let ##ici ##a found 10 seas ##hell ##s The two had the following : How did they find the place

IN	Roy found 5 seashells and 10 starfish on the beach [MASK] [MASK] [MASK] [MASK] [MASK] [MASK] seashells [MASK] [MASK] [MASK] [MASK] [MASK] [MASK] does Roy now have ?
OUT	Roy found 5 seas ##hell ##s and 10 star ##fish on the beach , and the left 2 . seas ##hell ##s . - - The new life does Roy now have ?

IN	Roy found 5 seashells on the beach , he gave Leticia 10 of the seashells . How many seashells does he now have [MASK]
OUT	Roy found 5 seas ##hell ##s on the beach , he gave Let ##ici ##a 10 of the seas ##hell ##s . How many seas ##hell ##s does he now have to

IN	Roy found 5 seashells on the beach , she gave Leticia 10 of the seashells . How many seashells does she now have [MASK]
OUT	Roy found 5 seas ##hell ##s on the beach , she gave Let ##ici ##a 10 of the seas ##hell ##s . How many seas ##hell ##s does she now have to

IN	Roy found 5 seashells on the beach . he gave Leticia 10 of the seashells . How many seashells does he now have [MASK]
OUT	Roy found 5 seas ##hell ##s on the beach . he gave Let ##ici ##a 10 of the seas ##hell ##s . How many seas ##hell ##s does he now have ?

IN	Roy grew 5 cantelopes , Leticia grew 10 cantelopes , and Rosario grew 6 cantelopes . How many cantelopes did they grow [MASK] [MASK] [MASK]
OUT	Roy grew 5 can ##tel ##ope ##s , Let ##ici ##a grew 10 can ##tel ##ope ##s , and Rosario grew 6 can ##tel ##ope ##s . How many can ##tel ##ope ##s did they grow ? ) .

IN	Roy grew 5 cantelopes . Leticia grew 10 cantelopes . How many cantelopes did they grow [MASK] [MASK] [MASK]
OUT	Roy grew 5 can ##tel ##ope ##s . Let ##ici ##a grew 10 can ##tel ##ope ##s . How many can ##tel ##ope ##s did they grow ? , "

IN	Roy grew 5 carrots . Leticia grew 10 carrots . How many carrots did they grow [MASK] [MASK] [MASK]
OUT	Roy grew 5 car ##rots . Let ##ici ##a grew 10 car ##rots . How many car ##rots did they grow . . "

IN	Roy grew 5 carrots [MASK] [MASK] [MASK] . Leticia grew 10 carrots . How many carrots did they grow [MASK] [MASK] [MASK]
OUT	Roy grew 5 car ##rots . Ms . . Let ##ici ##a grew 10 car ##rots . How many car ##rots did they grow . . .

IN	Roy grew 5 onions , Leticia grew 10 onions , and Rosario grew 6 onions . How many onions did they grow [MASK] [MASK] [MASK]
OUT	Roy grew 5 on ##ions , Let ##ici ##a grew 10 on ##ions , and Rosario grew 6 on ##ions . How many on ##ions did they grow ? , "

IN	Roy grew 5 pumpkins . Leticia grew 10 pumpkins . How many pumpkins did they grow [MASK] [MASK] [MASK]
OUT	Roy grew 5 pump ##kins . Let ##ici ##a grew 10 pump ##kins . How many pump ##kins did they grow of the design

IN	Roy grew 5 pumpkins [MASK] [MASK] [MASK] [MASK] [MASK] [MASK] pumpkins . How many pumpkins does Roy have ?
OUT	Roy grew 5 pump ##kins . " " . . . pump ##kins . How many pump ##kins does Roy have ?

IN	Roy grew 5 turnips . [MASK] grew 10 turnips . How many turnips did they grow [MASK] [MASK] [MASK]
OUT	Roy grew 5 turn ##ip ##s . I grew 10 turn ##ip ##s . How many turn ##ip ##s did they grow . He said

IN	Roy grew 5 turnips [MASK] [MASK] [MASK] . [MASK] grew 10 turnips . How many turnips did they grow [MASK] [MASK] [MASK]
OUT	Roy grew 5 turn ##ip ##s . " Mr . Smith grew 10 turn ##ip ##s . How many turn ##ip ##s did they grow ? " The

IN	Roy grew 5 turnips [MASK] [MASK] [MASK] [MASK] [MASK] grew 10 turnips . How many turnips did they grow in total ?
OUT	Roy grew 5 turn ##ip ##s . In the garden they grew 10 turn ##ip ##s . How many turn ##ip ##s did they grow in total ?

IN	Roy grew 5 watermelons [MASK] [MASK] [MASK] . [MASK] grew 10 watermelons . How many watermelons did they grow [MASK] [MASK] [MASK]
OUT	Roy grew 5 water ##mel ##ons . was 5 . . grew 10 water ##mel ##ons . How many water ##mel ##ons did they grow ? . was

IN	Roy grew 5 watermelons [MASK] [MASK] [MASK] [MASK] [MASK] [MASK] watermelons . How many watermelons does Roy have ?
OUT	Roy grew 5 water ##mel ##ons . In the end 5 more water ##mel ##ons . How many water ##mel ##ons does Roy have ?

IN	Roy grew 5 watermelons [MASK] [MASK] [MASK] [MASK] [MASK] grew 10 watermelons . How many watermelons did they grow in total ?
OUT	Roy grew 5 water ##mel ##ons . In the end , grew 10 water ##mel ##ons . How many water ##mel ##ons did they grow in total ?

IN	Roy had 5 [MASK] , but she lost 10 [MASK] . How many [MASK] does she have [MASK] [MASK]
OUT	Roy had 5 children , but she lost 10 lives . How many people does she have . "

IN	Roy had 5 dimes [MASK] [MASK] [MASK] . Her dad gave [MASK] [MASK] [MASK] [MASK] [MASK] mother gave [MASK] [MASK] [MASK] . How many dimes does Roy have [MASK] [MASK]
OUT	Roy had 5 dim ##es on the side . Her dad gave her a nickel and her mother gave her a nickel . How many dim ##es does Roy have ? I

IN	Roy had 5 dimes [MASK] [MASK] [MASK] . His dad gave [MASK] [MASK] [MASK] . How many dimes does Roy have [MASK] [MASK]
OUT	Roy had 5 dim ##es on his hand . His dad gave him 5 bucks . How many dim ##es does Roy have . "

IN	Roy had 5 dimes [MASK] [MASK] [MASK] . His sister borrowed [MASK] [MASK] [MASK] [MASK] . How many dimes does Roy have [MASK] [MASK]
OUT	Roy had 5 dim ##es on his hand . His sister borrowed and he was sick . How many dim ##es does Roy have . "

IN	Roy had 5 dimes in her bank . She spent 10 of her dimes . How many dimes does she have [MASK] [MASK]
OUT	Roy had 5 dim ##es in her bank . She spent 10 of her dim ##es . How many dim ##es does she have . "

IN	Roy had 5 dogs . Each dog had [MASK] [MASK] . How many puppies does Roy now have [MASK]
OUT	Roy had 5 dogs . Each dog had 5 points . How many pu ##pp ##ies does Roy now have to

IN	Roy had 5 dollars . He spent 10 dollars [MASK] [MASK] [MASK] [MASK] [MASK] [MASK] [MASK] [MASK] did Roy have [MASK] [MASK]
OUT	Roy had 5 dollars . He spent 10 dollars the new , the . . . . did Roy have the .

IN	Roy had 5 markers . Leticia gave her 10 more [MASK] . How many markers does Roy have [MASK] [MASK]
OUT	Roy had 5 markers . Let ##ici ##a gave her 10 more markers . How many markers does Roy have ? "

IN	Roy had 5 nickels [MASK] [MASK] [MASK] . Her dad gave [MASK] [MASK] [MASK] . How many nickels does Roy have [MASK] [MASK]
OUT	Roy had 5 nickel ##s for her dad . Her dad gave her 5 nickel . How many nickel ##s does Roy have . "

IN	Roy had 5 pennies [MASK] [MASK] [MASK] [MASK] [MASK] [MASK] . His dad gave [MASK] [MASK] [MASK] [MASK] [MASK] [MASK] . How many nickels does he have [MASK] [MASK]
OUT	Roy had 5 pen ##nies . He has a big heart . His dad gave him the heart . He died . How many nickel ##s does he have . ,

IN	Roy had 5 pennies [MASK] [MASK] [MASK] [MASK] [MASK] [MASK] . His sister borrowed [MASK] [MASK] . How many dimes does Roy have [MASK] [MASK]
OUT	Roy had 5 pen ##nies . Has a friend named Roy . His sister borrowed his car . How many dim ##es does Roy have ? The

IN	Roy had 5 pet fish . She bought 10 more [MASK] . How many pet fish does Roy have [MASK] [MASK]
OUT	Roy had 5 pet fish . She bought 10 more fish . How many pet fish does Roy have to use

IN	Roy had 5 quarters [MASK] [MASK] [MASK] . Her dad gave [MASK] [MASK] [MASK] . How many quarters does she have [MASK] [MASK]
OUT	Roy had 5 quarters of her own . Her dad gave her 5 quarters . How many quarters does she have . .

IN	Roy had 5 quarters [MASK] [MASK] [MASK] . Her sister borrowed [MASK] [MASK] [MASK] [MASK] . How many quarters does Roy have [MASK] [MASK]
OUT	Roy had 5 quarters of the body . Her sister borrowed and she got it . How many quarters does Roy have to take

IN	Roy had 5 quarters [MASK] [MASK] [MASK] . His dad gave [MASK] [MASK] [MASK] . How many quarters does he have [MASK] [MASK]
OUT	Roy had 5 quarters of his own . His dad gave him the chance . How many quarters does he have ? The

IN	Roy had 5 quarters [MASK] [MASK] [MASK] [MASK] [MASK] [MASK] . Her sister borrowed [MASK] [MASK] . How many dimes does Roy have [MASK] [MASK]
OUT	Roy had 5 quarters . Her sister borrowed the ball . Her sister borrowed the ball . How many dim ##es does Roy have . "

IN	Roy had 5 quarters [MASK] [MASK] [MASK] [MASK] [MASK] [MASK] . His dad gave [MASK] [MASK] [MASK] [MASK] [MASK] [MASK] . How many nickels does Roy have [MASK] [MASK]
OUT	Roy had 5 quarters . Has a little of his . His dad gave him a little of his too . How many nickel ##s does Roy have ? Roy

IN	Roy had 5 quarters in her bank . She spent 10 of her quarters . How many quarters does she have [MASK] [MASK]
OUT	Roy had 5 quarters in her bank . She spent 10 of her quarters . How many quarters does she have . The

IN	Roy had 5 strawberries [MASK] [MASK] [MASK] . He picked 10 more strawberries [MASK] [MASK] [MASK] [MASK] did he have [MASK] [MASK]
OUT	Roy had 5 straw ##berries A single character . He picked 10 more straw ##berries He was asked , did he have a girlfriend

IN	Roy has 5 Leticia . Rosario takes 10 away . How many Skittles will Roy have [MASK]
OUT	Roy has 5 Let ##ici ##a . Rosario takes 10 away . How many Ski ##ttle ##s will Roy have if

IN	Roy has 5 [MASK] . Leticia has 10 more than Roy . How many [MASK] does Leticia have [MASK]
OUT	Roy has 5 members . Let ##ici ##a has 10 more than Roy . How many . does Let ##ici ##a have the

IN	Roy has 5 [MASK] games [MASK] [MASK] [MASK] does she need to give [MASK] [MASK] [MASK] [MASK] [MASK] have 10 games [MASK] [MASK]
OUT	Roy has 5 more games , but , does she need to give the the , will she have 10 games ? the

IN	Roy has 5 [MASK] . Leticia gives Roy 10 more . How many apples does Roy have in all ?
OUT	Roy has 5 more . Let ##ici ##a gives Roy 10 more . How many apples does Roy have in all ?

IN	Roy has 5 [MASK] . Leticia gives Roy 10 more . How many blocks does Roy have in all ?
OUT	Roy has 5 more . Let ##ici ##a gives Roy 10 more . How many blocks does Roy have in all ?

IN	Roy has 5 [MASK] . Leticia gives Roy 10 more . How many candies does Roy have in all ?
OUT	Roy has 5 more . Let ##ici ##a gives Roy 10 more . How many can ##dies does Roy have in all ?

IN	Roy has 5 [MASK] . Leticia gives Roy 10 more . How many pencils does Roy have in all ?
OUT	Roy has 5 more . Let ##ici ##a gives Roy 10 more . How many pencil ##s does Roy have in all ?

IN	Roy has 5 [MASK] . Leticia gives Roy 10 more [MASK] [MASK] [MASK] [MASK] buys 6 [MASK] [MASK] [MASK] [MASK] . How many apples does Roy have in all ?
OUT	Roy has 5 apples . Let ##ici ##a gives Roy 10 more . " Roy " buys 6 more . " " . How many apples does Roy have in all ?

IN	Roy has 5 [MASK] . Leticia gives Roy 10 more [MASK] [MASK] [MASK] [MASK] buys 6 [MASK] [MASK] [MASK] [MASK] . How many eggs does Roy have in all ?
OUT	Roy has 5 ) . Let ##ici ##a gives Roy 10 more . ##te ##t ##ra buys 6 ( 6 ) eggs . How many eggs does Roy have in all ?

IN	Roy has 5 [MASK] . [MASK] has 10 . How many candies do they have in all ?
OUT	Roy has 5 . . . has 10 . How many can ##dies do they have in all ?

IN	Roy has 5 [MASK] . He gets 10 more from Leticia . How many marbles does Roy have in all ?
OUT	Roy has 5 more . He gets 10 more from Let ##ici ##a . How many marble ##s does Roy have in all ?

IN	Roy has 5 [MASK] . He gets 10 more from Leticia . How many pencils does Roy have in all ?
OUT	Roy has 5 more . He gets 10 more from Let ##ici ##a . How many pencil ##s does Roy have in all ?

IN	Roy has 5 [MASK] . He gets 10 more from Leticia [MASK] [MASK] [MASK] [MASK] [MASK] [MASK] [MASK] [MASK] [MASK] [MASK] . How many oranges does Roy have in all ?
OUT	Roy has 5 more . He gets 10 more from Let ##ici ##a . He is not sure if he has 10 more . How many orange ##s does Roy have in all ?

IN	Roy has 5 [MASK] . He gets 10 more from [MASK] [MASK] [MASK] [MASK] [MASK] [MASK] [MASK] [MASK] [MASK] [MASK] [MASK] . How many bananas does Roy have in all ?
OUT	Roy has 5 million . He gets 10 more from the book - keeping man . , Roy , says he . How many banana ##s does Roy have in all ?

IN	Roy has 5 [MASK] . She buys 10 more [MASK] [MASK] [MASK] [MASK] [MASK] [MASK] [MASK] [MASK] [MASK] [MASK] . How many Skittles does Roy have in all ?
OUT	Roy has 5 more . She buys 10 more . He has a friend who is also in love . How many Ski ##ttle ##s does Roy have in all ?

IN	Roy has 5 [MASK] . She finds another 10 . How many apples does Roy have in all ?
OUT	Roy has 5 . . She finds another 10 . How many apples does Roy have in all ?

IN	Roy has 5 [MASK] . She gets 10 more from Leticia . How many bananas does Roy have in all ?
OUT	Roy has 5 more . She gets 10 more from Let ##ici ##a . How many banana ##s does Roy have in all ?

IN	Roy has 5 [MASK] . She gets 10 more from Leticia . How many stickers does Roy have in all ?
OUT	Roy has 5 more . She gets 10 more from Let ##ici ##a . How many stick ##ers does Roy have in all ?

IN	Roy has 5 [MASK] . She gets 10 more from Leticia [MASK] [MASK] [MASK] [MASK] [MASK] [MASK] [MASK] [MASK] [MASK] [MASK] . How many apples does Roy have in all ?
OUT	Roy has 5 more . She gets 10 more from Let ##ici ##a . . . , who has a few more apples . How many apples does Roy have in all ?

IN	Roy has 5 [MASK] . She gets 10 more from Leticia [MASK] [MASK] [MASK] [MASK] [MASK] [MASK] [MASK] [MASK] [MASK] [MASK] . How many crayons does Roy have in all ?
OUT	Roy has 5 more . She gets 10 more from Let ##ici ##a . . . the girl who has 5 more . . How many c ##ray ##ons does Roy have in all ?

IN	Roy has 5 [MASK] . She gets 10 more from [MASK] . How many apples does Roy have in all ?
OUT	Roy has 5 more . She gets 10 more from Roy . How many apples does Roy have in all ?

IN	Roy has 5 [MASK] [MASK] [MASK] [MASK] [MASK] [MASK] [MASK] [MASK] [MASK] [MASK] [MASK] [MASK] . How many books about sports does Roy have ?
OUT	Roy has 5 . people . has . . . . . . . . . How many books about sports does Roy have ?

IN	Roy has 5 [MASK] [MASK] [MASK] blocks [MASK] [MASK] [MASK] shares the marbles [MASK] [MASK] [MASK] [MASK] [MASK] [MASK] marbles does each friend get ?
OUT	Roy has 5 " " game blocks , but also shares the marble ##s of the game . What color marble ##s does each friend get ?

IN	Roy has 5 [MASK] [MASK] apples [MASK] [MASK] [MASK] [MASK] [MASK] apples . How many apples does Roy have ?
OUT	Roy has 5 thousand the apples . has 5 thousand the apples . How many apples does Roy have ?

IN	Roy has 5 [MASK] [MASK] crayons [MASK] [MASK] [MASK] [MASK] [MASK] crayons . How many crayons does Roy have ?
OUT	Roy has 5 million black c ##ray ##ons . has 500 black black c ##ray ##ons . How many c ##ray ##ons does Roy have ?

IN	Roy has 5 [MASK] [MASK] pencils [MASK] [MASK] [MASK] [MASK] [MASK] pencils . How many pencils does Roy have ?
OUT	Roy has 5 different colored pencil ##s . Roy has 5 different pencil ##s . How many pencil ##s does Roy have ?

IN	Roy has 5 apples . Leticia has 10 apples [MASK] [MASK] [MASK] [MASK] [MASK] [MASK] . How many apples will Roy have [MASK]
OUT	Roy has 5 apples . Let ##ici ##a has 10 apples . If so , go home . How many apples will Roy have to

IN	Roy has 5 apples . Leticia takes 10 away . How many apples will Roy have [MASK]
OUT	Roy has 5 apples . Let ##ici ##a takes 10 away . How many apples will Roy have to

IN	Roy has 5 balloons . Leticia has 10 balloons [MASK] [MASK] [MASK] [MASK] [MASK] does Roy have [MASK] [MASK] [MASK]
OUT	Roy has 5 balloons . Let ##ici ##a has 10 balloons . She is not there does Roy have a single "

IN	Roy has 5 bananas . Leticia has 10 bananas [MASK] [MASK] [MASK] [MASK] . How many bananas will Roy have [MASK]
OUT	Roy has 5 banana ##s . Let ##ici ##a has 10 banana ##s . She is good . How many banana ##s will Roy have to

IN	Roy has 5 bananas . She shares 10 with [MASK] . How many bananas will Roy have [MASK]
OUT	Roy has 5 banana ##s . She shares 10 with Roy . How many banana ##s will Roy have to

IN	Roy has 5 bananas [MASK] [MASK] be put away in boxes [MASK] [MASK] comes [MASK] help [MASK] brings 10 cookies [MASK] share [MASK] [MASK] [MASK] [MASK] [MASK] are 6 [MASK] [MASK] [MASK] [MASK] bananas must go in each box ?
OUT	Roy has 5 banana ##s all would be put away in boxes When it comes to help he brings 10 cookies to share . . . There " are 6 " " The " banana ##s must go in each box ?

IN	Roy has 5 blocks . Leticia has with 10 blocks [MASK] [MASK] [MASK] [MASK] [MASK] . How many blocks does Leticia end [MASK] [MASK]
OUT	Roy has 5 blocks . Let ##ici ##a has with 10 blocks . and has with blocks . How many blocks does Let ##ici ##a end with ?

IN	Roy has 5 blocks . 10 are eaten [MASK] [MASK] [MASK] . How many blocks will Roy have [MASK]
OUT	Roy has 5 blocks . 10 are eaten by the fish . How many blocks will Roy have to

IN	Roy has 5 blocks . He gives 10 to Leticia . How many blocks will Roy have [MASK]
OUT	Roy has 5 blocks . He gives 10 to Let ##ici ##a . How many blocks will Roy have to

IN	Roy has 5 blocks [MASK] [MASK] [MASK] . If there are 10 boxes [MASK] [MASK] [MASK] blocks must go [MASK] [MASK] [MASK] ?
OUT	Roy has 5 blocks , so that . If there are 10 boxes , the remaining blocks must go , " ... ?

IN	Roy has 5 blue [MASK] [MASK] [MASK] [MASK] . Leticia has 10 blue [MASK] . How many blue balloons do they have in all ?
OUT	Roy has 5 blue balloons . 2 vs . Let ##ici ##a has 10 blue balloons . How many blue balloons do they have in all ?

IN	Roy has 5 blue [MASK] [MASK] [MASK] [MASK] . Leticia has 10 blue [MASK] . How many blue marbles do they have in all ?
OUT	Roy has 5 blue marble ##s in all . Let ##ici ##a has 10 blue pieces . How many blue marble ##s do they have in all ?

IN	Roy has 5 blue balloons , Leticia has 10 blue balloons , and Rosario has 6 blue balloons . How many blue balloons do they have [MASK] [MASK] [MASK]
OUT	Roy has 5 blue balloons , Let ##ici ##a has 10 blue balloons , and Rosario has 6 blue balloons . How many blue balloons do they have in the room

IN	Roy has 5 blue balloons Leticia has 10 blue [MASK] . How many blue balloons do they have in total ?
OUT	Roy has 5 blue balloons Let ##ici ##a has 10 blue balloons . How many blue balloons do they have in total ?

IN	Roy has 5 blue balloons but lost 10 of them . How many blue balloons does Roy have [MASK] [MASK]
OUT	Roy has 5 blue balloons but lost 10 of them . How many blue balloons does Roy have to .

IN	Roy has 5 books . Leticia has 10 books [MASK] [MASK] [MASK] [MASK] [MASK] does Roy have [MASK] [MASK] [MASK]
OUT	Roy has 5 books . Let ##ici ##a has 10 books The following are the names does Roy have . For example

IN	Roy has 5 books . Leticia has 10 books [MASK] [MASK] [MASK] [MASK] do they have [MASK] [MASK]
OUT	Roy has 5 books . Let ##ici ##a has 10 books . So what books do they have of course

IN	Roy has 5 boxes [MASK] [MASK] . Each box holds [MASK] [MASK] [MASK] [MASK] are 10 boxes [MASK] [MASK] [MASK] . How many eggs does Roy have [MASK]
OUT	Roy has 5 boxes holding it . Each box holds it . if there are 10 boxes , then . . How many eggs does Roy have ?

IN	Roy has 5 candies . He gives 10 to Leticia . How many candies will Roy have [MASK]
OUT	Roy has 5 can ##dies . He gives 10 to Let ##ici ##a . How many can ##dies will Roy have to

IN	Roy has 5 candies [MASK] [MASK] [MASK] . If there are 10 boxes [MASK] [MASK] [MASK] candies must go [MASK] [MASK] [MASK] ?
OUT	Roy has 5 can ##dies in the room . If there are 10 boxes , the other can ##dies must go , " ... ?

IN	Roy has 5 cards . Leticia has with 10 cards [MASK] [MASK] [MASK] [MASK] [MASK] . How many cards does Leticia end [MASK] [MASK]
OUT	Roy has 5 cards . Let ##ici ##a has with 10 cards . and has with them . How many cards does Let ##ici ##a end . "

IN	Roy has 5 cards . Leticia takes 10 away . How many cards will Roy have [MASK]
OUT	Roy has 5 cards . Let ##ici ##a takes 10 away . How many cards will Roy have to

IN	Roy has 5 cards . 10 are eaten [MASK] [MASK] [MASK] . How many cards will Roy have [MASK]
OUT	Roy has 5 cards . 10 are eaten by the dog . How many cards will Roy have to

IN	Roy has 5 cards . She gives 10 to Leticia . How many cards will Roy have [MASK]
OUT	Roy has 5 cards . She gives 10 to Let ##ici ##a . How many cards will Roy have to

IN	Roy has 5 cards . She loses 10 . How many cards will Roy have [MASK]
OUT	Roy has 5 cards . She loses 10 . How many cards will Roy have to

IN	Roy has 5 crayons . Leticia has 10 crayons [MASK] [MASK] [MASK] [MASK] [MASK] [MASK] . How many crayons will Roy have [MASK]
OUT	Roy has 5 c ##ray ##ons . Let ##ici ##a has 10 c ##ray ##ons . She also has a boyfriend . How many c ##ray ##ons will Roy have or

IN	Roy has 5 crayons . 10 are eaten [MASK] [MASK] [MASK] . How many crayons will Roy have [MASK]
OUT	Roy has 5 c ##ray ##ons . 10 are eaten by the fish . How many c ##ray ##ons will Roy have to

IN	Roy has 5 dollars [MASK] [MASK] [MASK] [MASK] [MASK] does she have to earn [MASK] have 10 dollars [MASK]
OUT	Roy has 5 dollars to the first . What does she have to earn to have 10 dollars to

IN	Roy has 5 eggs . Leticia has 10 eggs [MASK] [MASK] [MASK] [MASK] . How many eggs will Roy have [MASK]
OUT	Roy has 5 eggs . Let ##ici ##a has 10 eggs . Roy is eliminated . How many eggs will Roy have to

IN	Roy has 5 green [MASK] [MASK] [MASK] [MASK] . Leticia has 10 green marbles . How many green marbles do they have [MASK] [MASK] [MASK]
OUT	Roy has 5 green marble ##s . Sr . Let ##ici ##a has 10 green marble ##s . How many green marble ##s do they have ? " "

IN	Roy has 5 marbles . He shares 10 with Leticia . How many marbles will Roy have [MASK]
OUT	Roy has 5 marble ##s . He shares 10 with Let ##ici ##a . How many marble ##s will Roy have ?

IN	Roy has 5 marbles . She loses 10 . How many marbles will Roy have [MASK]
OUT	Roy has 5 marble ##s . She loses 10 . How many marble ##s will Roy have a

IN	Roy has 5 oranges . Leticia takes 10 away . How many oranges will Roy have [MASK]
OUT	Roy has 5 orange ##s . Let ##ici ##a takes 10 away . How many orange ##s will Roy have to

IN	Roy has 5 oranges [MASK] [MASK] be put [MASK] [MASK] [MASK] [MASK] [MASK] comes [MASK] help [MASK] brings 10 cookies [MASK] share [MASK] [MASK] [MASK] [MASK] [MASK] are 6 boxes [MASK] [MASK] [MASK] oranges must go in each box ?
OUT	Roy has 5 orange ##s that can be put on a board When he comes to help he brings 10 cookies to share . . . There . are 6 boxes where the two orange ##s must go in each box ?

IN	Roy has 5 peanuts . [MASK] has 10 more than Roy . How many peanuts does [MASK] have [MASK]
OUT	Roy has 5 p ##eanut ##s . He has 10 more than Roy . How many p ##eanut ##s does he have ,

IN	Roy has 5 red [MASK] , Leticia has 10 red [MASK] , and Rosario has 6 red balloons [MASK] [MASK] [MASK] [MASK] [MASK] [MASK] . How many red balloons do they have [MASK] [MASK] [MASK]
OUT	Roy has 5 red balloons , Let ##ici ##a has 10 red balloons , and Rosario has 6 red balloons . The following is the question . How many red balloons do they have ? The following

IN	Roy has 5 red [MASK] [MASK] [MASK] [MASK] . Leticia has 10 red balloons . How many red balloons do they have [MASK] [MASK] [MASK]
OUT	Roy has 5 red balloons . 2 vs . Let ##ici ##a has 10 red balloons . How many red balloons do they have ? . "

IN	Roy has 5 red markers [MASK] 10 blue markers . How many markers does she have altogether ?
OUT	Roy has 5 red markers and 10 blue markers . How many markers does she have altogether ?

IN	Roy has 5 tickets . Leticia has with 10 tickets [MASK] [MASK] [MASK] [MASK] [MASK] . How many tickets does Leticia end [MASK] [MASK]
OUT	Roy has 5 tickets . Let ##ici ##a has with 10 tickets . She has with 10 . How many tickets does Let ##ici ##a end up in

IN	Roy has 5 whistles . He has 10 more [MASK] [MASK] [MASK] . How many whistles does Leticia have [MASK]
OUT	Roy has 5 whistle ##s . He has 10 more whistle ##s . . How many whistle ##s does Let ##ici ##a have .

IN	Roy has 5 yellow [MASK] , Leticia has 10 yellow [MASK] , and Rosario has 6 yellow balloons [MASK] [MASK] [MASK] [MASK] [MASK] [MASK] . How many yellow balloons do they have [MASK] [MASK] [MASK]
OUT	Roy has 5 yellow balloons , Let ##ici ##a has 10 yellow balloons , and Rosario has 6 yellow balloons . The following is the question . How many yellow balloons do they have ? The following

IN	Roy has 5 yellow balloons Leticia has 10 yellow [MASK] . How many yellow balloons do they have in total ?
OUT	Roy has 5 yellow balloons Let ##ici ##a has 10 yellow balloons . How many yellow balloons do they have in total ?

IN	Roy has 5 yellow marbles Leticia has 10 yellow [MASK] . How many yellow marbles do they have in all ?
OUT	Roy has 5 yellow marble ##s Let ##ici ##a has 10 yellow . . How many yellow marble ##s do they have in all ?

IN	Roy is [MASK] 5 friends to a party . He has 10 cookies . How many cookies will each friend get ?
OUT	Roy is taking 5 friends to a party . He has 10 cookies . How many cookies will each friend get ?

IN	Roy is [MASK] 5 friends to a party . She has 10 cookies . How many cookies will each friend get ?
OUT	Roy is taking 5 friends to a party . She has 10 cookies . How many cookies will each friend get ?

IN	Roy jogged to Leticia 's house [MASK] [MASK] [MASK] [MASK] [MASK] [MASK] [MASK] [MASK] house [MASK] [MASK] [MASK] house . It took Roy 5 [MASK] to get [MASK] [MASK] [MASK] [MASK] did Roy go [MASK]
OUT	Roy j ##ogged to Let ##ici ##a ' s house . the word " s " means a house . a big house . It took Roy 5 minutes to get there . " Where did Roy go ?

IN	Roy picked 5 apples , Leticia picked 10 apples , and Rosario picked 6 apples [MASK] [MASK] [MASK] [MASK] [MASK] [MASK] [MASK] [MASK] [MASK] [MASK] apples were picked [MASK] [MASK] ?
OUT	Roy picked 5 apples , Let ##ici ##a picked 10 apples , and Rosario picked 6 apples . The following table shows the first day when the apples were picked . ? ?

IN	Roy picked 5 apples and Leticia picked 10 apples [MASK] [MASK] [MASK] [MASK] [MASK] [MASK] [MASK] apples were picked [MASK] [MASK] ?
OUT	Roy picked 5 apples and Let ##ici ##a picked 10 apples . the . . was made the apples were picked the following ?

IN	Roy picked 5 limes , Leticia picked 10 limes , and Rosario picked 6 limes [MASK] [MASK] [MASK] [MASK] [MASK] [MASK] [MASK] [MASK] [MASK] [MASK] limes were picked [MASK] [MASK] ?
OUT	Roy picked 5 lime ##s , Let ##ici ##a picked 10 lime ##s , and Rosario picked 6 lime ##s . the same day , he was in school . lime ##s were picked , and ?

IN	Roy picked 5 limes and gave Leticia 10 of the [MASK] . How many limes does Roy have [MASK] [MASK]
OUT	Roy picked 5 lime ##s and gave Let ##ici ##a 10 of the lime . How many lime ##s does Roy have to pick

IN	Roy picked 5 oranges and Leticia picked 10 oranges . Rosario picked 6 [MASK] [MASK] [MASK] [MASK] oranges were picked [MASK] [MASK] ?
OUT	Roy picked 5 orange ##s and Let ##ici ##a picked 10 orange ##s . Rosario picked 6 the girls that had orange ##s were picked " " ?

IN	Roy picked 5 oranges and Leticia picked 10 oranges [MASK] [MASK] [MASK] [MASK] [MASK] [MASK] [MASK] oranges were picked [MASK] [MASK] ?
OUT	Roy picked 5 orange ##s and Let ##ici ##a picked 10 orange ##s . . . . the two remaining orange ##s were picked . " ?

IN	Roy picked 5 pears and Leticia picked 10 pears [MASK] [MASK] [MASK] [MASK] . Rosario picked 6 apples [MASK] [MASK] [MASK] [MASK] [MASK] [MASK] [MASK] pears were picked [MASK] [MASK] ?
OUT	Roy picked 5 p ##ear ##s and Let ##ici ##a picked 10 p ##ear ##s . The Mrs . . Rosario picked 6 apples . The " Miss " " " p ##ear ##s were picked by . ?

IN	Roy picked 5 pears and Leticia picked 10 pears [MASK] [MASK] [MASK] [MASK] [MASK] [MASK] [MASK] pears were picked [MASK] [MASK] ?
OUT	Roy picked 5 p ##ear ##s and Let ##ici ##a picked 10 p ##ear ##s . The following two pairs of 5 p ##ear ##s were picked by : ?

IN	Roy ran 5 mile and walked 10 mile . How much farther [MASK] Roy run than walk ?
OUT	Roy ran 5 mile and walked 10 mile . How much farther did Roy run than walk ?

IN	Roy ran 5 miles and walked 10 miles . How [MASK] farther did Roy run than walk ?
OUT	Roy ran 5 miles and walked 10 miles . How much farther did Roy run than walk ?

IN	Roy ran 5 miles at 10 miles [MASK] [MASK] . How long did Roy run ?
OUT	Roy ran 5 miles at 10 miles . ##an . How long did Roy run ?

IN	Roy scored 5 points in each game . How many points did she [MASK] in 10 games ?
OUT	Roy scored 5 points in each game . How many points did she have in 10 games ?

IN	Roy sold 5 [MASK] [MASK] [MASK] . How many cases of 10 [MASK] [MASK] [MASK] [MASK] boxes does Roy need ?
OUT	Roy sold 5 . 5 million . How many cases of 10 crust ##ed - up boxes does Roy need ?

IN	Roy sprinted 5 miles at 10 miles [MASK] [MASK] . How long did Roy [MASK] ?
OUT	Roy sprint ##ed 5 miles at 10 miles . . . How long did Roy stay ?

IN	Roy sprinted to Leticia 's house [MASK] [MASK] [MASK] [MASK] [MASK] [MASK] [MASK] [MASK] house [MASK] [MASK] [MASK] house . It took Roy 5 [MASK] to get [MASK] [MASK] [MASK] [MASK] did Roy go [MASK]
OUT	Roy sprint ##ed to Let ##ici ##a ' s house . In the end , he took the house , the whole house . It took Roy 5 minutes to get there . So where did Roy go ?

IN	Roy starts with 5 Leticia . Rosario gives Roy 10 more . How many Skittles does Roy end [MASK] [MASK]
OUT	Roy starts with 5 Let ##ici ##a . Rosario gives Roy 10 more . How many Ski ##ttle ##s does Roy end with ?

IN	Roy starts with 5 Skittles . She buys 10 more . How many Skittles does Roy end [MASK] [MASK]
OUT	Roy starts with 5 Ski ##ttle ##s . She buys 10 more . How many Ski ##ttle ##s does Roy end with 5

IN	Roy starts with 5 Skittles . She shares 10 with Leticia . How many Skittles does Roy end [MASK] [MASK]
OUT	Roy starts with 5 Ski ##ttle ##s . She shares 10 with Let ##ici ##a . How many Ski ##ttle ##s does Roy end with ?

IN	Roy starts with 5 apples . He buys 10 more . How many apples does Roy end [MASK] [MASK]
OUT	Roy starts with 5 apples . He buys 10 more . How many apples does Roy end with ?

IN	Roy starts with 5 apples . She gives 10 to Leticia . How many apples does Roy end [MASK] [MASK]
OUT	Roy starts with 5 apples . She gives 10 to Let ##ici ##a . How many apples does Roy end with ?

IN	Roy starts with 5 bananas . Leticia gives Roy 10 more . How many bananas does Roy end [MASK] [MASK]
OUT	Roy starts with 5 banana ##s . Let ##ici ##a gives Roy 10 more . How many banana ##s does Roy end with ?

IN	Roy starts with 5 bananas . 10 are eaten [MASK] [MASK] [MASK] . How many bananas does Roy end [MASK] [MASK]
OUT	Roy starts with 5 banana ##s . 10 are eaten by the children . How many banana ##s does Roy end with "

IN	Roy starts with 5 bananas . She loses 10 . How many bananas does Roy end [MASK] [MASK]
OUT	Roy starts with 5 banana ##s . She loses 10 . How many banana ##s does Roy end with ?

IN	Roy starts with 5 blocks . She loses 10 . How many blocks does Roy end [MASK] [MASK]
OUT	Roy starts with 5 blocks . She loses 10 . How many blocks does Roy end with "

IN	Roy starts with 5 blocks . She shares 10 with Leticia . How many blocks does Roy end [MASK] [MASK]
OUT	Roy starts with 5 blocks . She shares 10 with Let ##ici ##a . How many blocks does Roy end with ?

IN	Roy starts with 5 bottle [MASK] . He gets 10 more from Leticia . How many bottle caps does Roy end [MASK] [MASK]
OUT	Roy starts with 5 bottle caps . He gets 10 more from Let ##ici ##a . How many bottle caps does Roy end with ?

IN	Roy starts with 5 bottle [MASK] . She finds another 10 . How many bottle caps does [MASK] end [MASK] [MASK]
OUT	Roy starts with 5 bottle caps . She finds another 10 . How many bottle caps does the end of the

IN	Roy starts with 5 bottle [MASK] . She shares 10 with Leticia . How many bottle caps does Roy end [MASK] [MASK]
OUT	Roy starts with 5 bottle caps . She shares 10 with Let ##ici ##a . How many bottle caps does Roy end with ?

IN	Roy starts with 5 candies . Leticia takes 10 away . How many candies does Roy end [MASK] [MASK]
OUT	Roy starts with 5 can ##dies . Let ##ici ##a takes 10 away . How many can ##dies does Roy end up with

IN	Roy starts with 5 cards . Leticia takes 10 away . How many cards does Roy end [MASK] [MASK]
OUT	Roy starts with 5 cards . Let ##ici ##a takes 10 away . How many cards does Roy end with ?

IN	Roy starts with 5 cards . 10 are eaten [MASK] [MASK] [MASK] . How many cards does Roy end [MASK] [MASK]
OUT	Roy starts with 5 cards . 10 are eaten as well as . How many cards does Roy end up with

IN	Roy starts with 5 cards . She gets 10 more from [MASK] . How many cards does Roy end [MASK] [MASK]
OUT	Roy starts with 5 cards . She gets 10 more from Roy . How many cards does Roy end with ?

IN	Roy starts with 5 crayons . Leticia gives Roy 10 more . How many crayons does Roy end [MASK] [MASK]
OUT	Roy starts with 5 c ##ray ##ons . Let ##ici ##a gives Roy 10 more . How many c ##ray ##ons does Roy end with ?

IN	Roy starts with 5 crayons . Leticia takes 10 away . How many crayons does Roy end [MASK] [MASK]
OUT	Roy starts with 5 c ##ray ##ons . Let ##ici ##a takes 10 away . How many c ##ray ##ons does Roy end up ?

IN	Roy starts with 5 crayons . 10 are eaten [MASK] [MASK] [MASK] . How many crayons does Roy end [MASK] [MASK]
OUT	Roy starts with 5 c ##ray ##ons . 10 are eaten by the dog . How many c ##ray ##ons does Roy end up with

IN	Roy starts with 5 eggs . He buys 10 more . How many eggs does Roy end [MASK] [MASK]
OUT	Roy starts with 5 eggs . He buys 10 more . How many eggs does Roy end with ?

IN	Roy starts with 5 eggs . She buys 10 more . How many eggs does Roy end [MASK] [MASK]
OUT	Roy starts with 5 eggs . She buys 10 more . How many eggs does Roy end with ?

IN	Roy starts with 5 eggs . She finds another 10 . How many eggs does Roy end [MASK] [MASK]
OUT	Roy starts with 5 eggs . She finds another 10 . How many eggs does Roy end with ?

IN	Roy starts with 5 erasers . Leticia gives Roy 10 more . How many erasers does Roy end [MASK] [MASK]
OUT	Roy starts with 5 erase ##rs . Let ##ici ##a gives Roy 10 more . How many erase ##rs does Roy end up ?

IN	Roy starts with 5 erasers . He gives 10 to Leticia . How many erasers does Roy end [MASK] [MASK]
OUT	Roy starts with 5 erase ##rs . He gives 10 to Let ##ici ##a . How many erase ##rs does Roy end with ?

IN	Roy starts with 5 erasers . She loses 10 . How many erasers does Roy end [MASK] [MASK]
OUT	Roy starts with 5 erase ##rs . She loses 10 . How many erase ##rs does Roy end with ?

IN	Roy starts with 5 marbles . He shares 10 with Leticia . How many marbles does Roy end [MASK] [MASK]
OUT	Roy starts with 5 marble ##s . He shares 10 with Let ##ici ##a . How many marble ##s does Roy end with ?

IN	Roy starts with 5 oranges . She gets 10 more from [MASK] . How many oranges does Roy end [MASK] [MASK]
OUT	Roy starts with 5 orange ##s . She gets 10 more from Roy . How many orange ##s does Roy end with ?

IN	Roy starts with 5 peanuts . Leticia gives Roy 10 more . How many peanuts does Roy end [MASK] [MASK]
OUT	Roy starts with 5 p ##eanut ##s . Let ##ici ##a gives Roy 10 more . How many p ##eanut ##s does Roy end with ?

IN	Roy starts with 5 peanuts . He loses 10 . How many peanuts does Roy end [MASK] [MASK]
OUT	Roy starts with 5 p ##eanut ##s . He loses 10 . How many p ##eanut ##s does Roy end with ,

IN	Roy starts with 5 pencils . He gives 10 to Leticia . How many pencils does Roy end [MASK] [MASK]
OUT	Roy starts with 5 pencil ##s . He gives 10 to Let ##ici ##a . How many pencil ##s does Roy end with ?

IN	Roy starts with 5 stickers . He gives 10 to Leticia . How many stickers does Roy end [MASK] [MASK]
OUT	Roy starts with 5 stick ##ers . He gives 10 to Let ##ici ##a . How many stick ##ers does Roy end with ?

IN	Roy starts with 5 stickers . He loses 10 . How many stickers does Roy end [MASK] [MASK]
OUT	Roy starts with 5 stick ##ers . He loses 10 . How many stick ##ers does Roy end with .

IN	Roy starts with 5 tickets . He buys 10 more . How many tickets does Roy end [MASK] [MASK]
OUT	Roy starts with 5 tickets . He buys 10 more . How many tickets does Roy end up with

IN	Roy strolled 5 kilometers at 10 kilometers [MASK] [MASK] . How long did Roy stroll ?
OUT	Roy strolled 5 kilometers at 10 kilometers , etc . How long did Roy s ##tro ##ll ?

IN	Roy strolled 5 miles at 10 miles [MASK] [MASK] . How long did Roy stroll ?
OUT	Roy strolled 5 miles at 10 miles . 1 . How long did Roy s ##tro ##ll ?

IN	Roy strolled to Leticia 's house [MASK] [MASK] [MASK] [MASK] [MASK] [MASK] [MASK] [MASK] house [MASK] [MASK] [MASK] house . It took Roy 5 [MASK] to get [MASK] [MASK] [MASK] [MASK] did Roy go [MASK]
OUT	Roy strolled to Let ##ici ##a ' s house . He had the idea of making a house and a new house . It took Roy 5 years to get it . So where did Roy go and

IN	Roy strolled to [MASK] 's house [MASK] [MASK] [MASK] [MASK] [MASK] [MASK] [MASK] [MASK] house [MASK] [MASK] [MASK] house . It took Roy 5 [MASK] to get [MASK] [MASK] [MASK] [MASK] did Roy go [MASK]
OUT	Roy strolled to president ' s house . I wrote about how to build a house and a new house . It took Roy 5 years to get it . So where did Roy go ?

IN	Roy wandered 5 miles at 10 miles [MASK] [MASK] . How long did Roy [MASK] ?
OUT	Roy wandered 5 miles at 10 miles in front . How long did Roy last ?

IN	Roy wants to split a collection of cards into groups of 5 . Roy has 10 cards . How many [MASK] will be created ?
OUT	Roy wants to split a collection of cards into groups of 5 . Roy has 10 cards . How many cards will be created ?

IN	Roy wants to split a collection of crayons [MASK] groups of 5 . Roy has 10 crayons . How many groups will be created ?
OUT	Roy wants to split a collection of c ##ray ##ons into groups of 5 . Roy has 10 c ##ray ##ons . How many groups will be created ?

IN	Roy wants to split a collection of erasers into groups of 5 . Roy has 10 erasers . How many groups [MASK] be created ?
OUT	Roy wants to split a collection of erase ##rs into groups of 5 . Roy has 10 erase ##rs . How many groups can be created ?

IN	Roy wants to split a collection of peanuts into groups [MASK] 5 . Roy has 10 peanuts . How many groups will be created ?
OUT	Roy wants to split a collection of p ##eanut ##s into groups . 5 . Roy has 10 p ##eanut ##s . How many groups will be created ?

IN	Roy weighs 5 pounds . Leticia weighs 10 pounds [MASK] [MASK] [MASK] [MASK] is Roy than Leticia [MASK]
OUT	Roy weighs 5 pounds . Let ##ici ##a weighs 10 pounds . The name given is Roy than Let ##ici ##a .

IN	Roy went to 5 [MASK] [MASK] [MASK] [MASK] [MASK] [MASK] [MASK] [MASK] . He went to 10 games [MASK] [MASK] . How many [MASK] games did Roy go [MASK] in all ?
OUT	Roy went to 5 . The last player to play was Roy . He went to 10 games in all . How many more games did Roy go to in all ?

IN	Roy went to 5 basketball [MASK] [MASK] [MASK] [MASK] [MASK] [MASK] [MASK] . He went to 10 games [MASK] [MASK] . How many basketball games did Roy go [MASK] in total ?
OUT	Roy went to 5 basketball games . Roy is an NBA player . He went to 10 games in total . How many basketball games did Roy go to in total ?

IN	Roy went to 5 football [MASK] [MASK] [MASK] . He went to 10 [MASK] [MASK] [MASK] . How many football games did Roy go [MASK] in all ?
OUT	Roy went to 5 football games in all . He went to 10 more in all . How many football games did Roy go to in all ?

IN	Roy went to 5 football [MASK] [MASK] [MASK] . She went to 10 [MASK] [MASK] [MASK] . How many football games did Roy go [MASK] in all ?
OUT	Roy went to 5 football games in all . She went to 10 games in all . How many football games did Roy go to in all ?

IN	Roy went to the store 5 [MASK] [MASK] month . He buys 10 [MASK] [MASK] time he goes to the store [MASK] [MASK] [MASK] [MASK] did Roy buy [MASK] [MASK] [MASK]
OUT	Roy went to the store 5 . This month . He buys 10 . This time he goes to the store . The month that did Roy buy the book .

IN	Roy went to the store 5 [MASK] [MASK] month . She buys 10 [MASK] [MASK] time she goes to the store [MASK] [MASK] [MASK] [MASK] did Roy buy [MASK] [MASK] [MASK]
OUT	Roy went to the store 5 for a month . She buys 10 the first time she goes to the store . " Why , did Roy buy 10 ? "

IN	5 birds were sitting in a tree [MASK] [MASK] [MASK] fly up to the tree . Then there were 10 [MASK] [MASK] [MASK] tree [MASK] [MASK] [MASK] [MASK] flew up to the tree ?
OUT	5 birds were sitting in a tree . They would fly up to the tree . Then there were 10 people in the tree . ? birds had flew up to the tree ?

IN	5 birds were sitting in a tree [MASK] [MASK] [MASK] fly up to the tree . Then there were 10 [MASK] [MASK] [MASK] tree [MASK] [MASK] [MASK] [MASK] fly up to the tree ?
OUT	5 birds were sitting in a tree . Birds would fly up to the tree . Then there were 10 people in the tree . " birds would fly up to the tree ?

IN	[MASK] has 5 [MASK] [MASK] [MASK] Skittles [MASK] [MASK] [MASK] shares the eggs [MASK] [MASK] [MASK] [MASK] [MASK] [MASK] eggs does each friend get ?
OUT	the has 5 , 000 of Ski ##ttle ##s , but he shares the eggs . = can make the same eggs does each friend get ?

IN	[MASK] has 5 boxes [MASK] [MASK] . Each box holds [MASK] [MASK] [MASK] [MASK] are 10 boxes [MASK] [MASK] [MASK] . How many tickets does [MASK] have [MASK]
OUT	. has 5 boxes holding it . Each box holds the ball . There are 10 boxes holding the ball . How many tickets does he have to

IN	[MASK] pencil weighs 5 grams . How much do 10 pencils weigh ?
OUT	. pencil weighs 5 grams . How much do 10 pencil ##s weigh ?

IN	[MASK] starts with 5 eggs . Roy takes 10 away . How many eggs does [MASK] end [MASK] [MASK]
OUT	ground starts with 5 eggs . Roy takes 10 away . How many eggs does it end with ?

IN	Each [MASK] costs $ 5 . How much do 10 tickets cost ?
OUT	Each It costs $ 5 . How much do 10 tickets cost ?

IN	Each bottle [MASK] costs $ 5 . How much do 10 bottle caps cost ?
OUT	Each bottle also costs $ 5 . How much do 10 bottle caps cost ?

IN	[MASK] child has 5 bottle caps . If there are 10 children , how many bottle caps are there in total ?
OUT	. child has 5 bottle caps . If there are 10 children , how many bottle caps are there in total ?

IN	How much would 5 pieces of [MASK] gum cost if each piece costs 10 cents ?
OUT	How much would 5 pieces of " gum cost if each piece costs 10 cents ?

IN	I walk 5 mile [MASK] [MASK] [MASK] . I walked 10 miles [MASK] [MASK] [MASK] [MASK] did it take [MASK] [MASK]
OUT	I walk 5 mile . . . . I walked 10 miles . . . What did it take the the

IN	If Roy [MASK] 5 kilometers at 10 kilometers per hour , how long was Roy [MASK] ?
OUT	If Roy reached 5 kilometers at 10 kilometers per hour , how long was Roy there ?

IN	If Roy [MASK] 5 miles at 10 miles per hour , how long was Roy travelling ?
OUT	If Roy , 5 miles at 10 miles per hour , how long was Roy travelling ?

IN	If Roy jogged 5 kilometers at 10 kilometers per hour , how long was Roy [MASK] ?
OUT	If Roy j ##ogged 5 kilometers at 10 kilometers per hour , how long was Roy that ?

IN	If Roy ran for 5 hours at 10 miles per hour [MASK] [MASK] [MASK] did Roy go ?
OUT	If Roy ran for 5 hours at 10 miles per hour . Where exactly did Roy go ?

IN	If Roy strolled 5 [MASK] at 10 miles per hour , how long was Roy travelling ?
OUT	If Roy strolled 5 days at 10 miles per hour , how long was Roy travelling ?

IN	If Roy strolled for 5 hours at 10 miles per hour [MASK] [MASK] [MASK] did Roy go ?
OUT	If Roy strolled for 5 hours at 10 miles per hour . Where exactly did Roy go ?

IN	If Roy walked 5 kilometers at 10 kilometers per hour , how long was Roy [MASK] ?
OUT	If Roy walked 5 kilometers at 10 kilometers per hour , how long was Roy there ?

IN	If Roy wandered for 5 hours at 10 miles [MASK] [MASK] . How far did Roy go ?
OUT	If Roy wandered for 5 hours at 10 miles per hour . How far did Roy go ?

IN	If each [MASK] costs $ 5 , how much must Roy [MASK] for 10 [MASK] ?
OUT	If each episode costs $ 5 , how much must Roy do for 10 years ?

IN	If there are 5 crayons in a box [MASK] [MASK] [MASK] [MASK] [MASK] [MASK] [MASK] [MASK] [MASK] [MASK] crayons are in the box ?
OUT	If there are 5 c ##ray ##ons in a box . . . . . . . " The 5 c ##ray ##ons are in the box ?

IN	If there are 5 eggs in a box [MASK] [MASK] [MASK] [MASK] [MASK] [MASK] [MASK] [MASK] [MASK] [MASK] eggs are in the box ?
OUT	If there are 5 eggs in a box . . . the people have the house . 5 eggs are in the box ?

IN	If there are 5 erasers in a box [MASK] [MASK] [MASK] [MASK] [MASK] [MASK] [MASK] [MASK] [MASK] [MASK] erasers are in the box ?
OUT	If there are 5 erase ##rs in a box . the film industry has the title of " What erase ##rs are in the box ?

IN	It took Roy 5 hours to ride to [MASK] 's house at 10 miles per hour . How far is it between Roy Leticia house and Rosario 's house ?
OUT	It took Roy 5 hours to ride to Rosario ' s house at 10 miles per hour . How far is it between Roy Let ##ici ##a house and Rosario ' s house ?

IN	It took Roy 5 hours to run to Leticia [MASK] house at 10 miles per hour . How far is it between Roy 's house and Leticia 's house ?
OUT	It took Roy 5 hours to run to Let ##ici ##a ' house at 10 miles per hour . How far is it between Roy ' s house and Let ##ici ##a ' s house ?

IN	It took Roy 5 hours to stroll [MASK] Leticia 's house at 10 miles per hour . How far is it between Roy 's house and Leticia 's house ?
OUT	It took Roy 5 hours to s ##tro ##ll by Let ##ici ##a ' s house at 10 miles per hour . How far is it between Roy ' s house and Let ##ici ##a ' s house ?

IN	Lemon [MASK] come in packages of 5 . Roy ate 10 Lemon Heads . How many whole boxes did he eat and how many Lemon Heads does he have left ?
OUT	Lemon They come in packages of 5 . Roy ate 10 Lemon Heads . How many whole boxes did he eat and how many Lemon Heads does he have left ?

IN	Mrs. Roy [MASK] 5 books a day . How many books does she read in 10 days ?
OUT	Mrs . Roy reads 5 books a day . How many books does she read in 10 days ?

IN	Mrs. Roy has 5 cats . [MASK] Roy gave her 10 more [MASK] . How many cats does Mrs. Roy have [MASK] [MASK]
OUT	Mrs . Roy has 5 cats . . Roy gave her 10 more cats . How many cats does Mrs . Roy have ? .

IN	The [MASK] scored 5 [MASK] [MASK] [MASK] points [MASK] . How many points do they have ?
OUT	The They scored 5 points and 6 points respectively . How many points do they have ?

IN	The school is [MASK] a [MASK] [MASK] . There are 5 [MASK] [MASK] [MASK] [MASK] [MASK] [MASK] school [MASK] [MASK] [MASK] [MASK] [MASK] are [MASK] [MASK] [MASK] the trip ?
OUT	The school is such a collection the . There are 5 the the the . The . school . the . The the are of , " the trip ?

IN	There are 5 [MASK] . There are 10 apples [MASK] [MASK] [MASK] [MASK] [MASK] [MASK] apples are there [MASK] [MASK] ?
OUT	There are 5 the . There are 10 apples the . . . The 7 apples are there the . ?

IN	There are 5 [MASK] [MASK] [MASK] [MASK] [MASK] [MASK] [MASK] [MASK] [MASK] [MASK] plant 10 orchid [MASK] [MASK] [MASK] [MASK] [MASK] [MASK] bushes will the park [MASK] [MASK] [MASK] [MASK] [MASK] finished ?
OUT	There are 5 high , the following are : the , a tree plant 10 orchid ##s , the , the many bushes will the park be , the , is finished ?

IN	There are 5 [MASK] [MASK] [MASK] [MASK] [MASK] [MASK] [MASK] [MASK] [MASK] [MASK] plant 10 walnut [MASK] [MASK] [MASK] [MASK] [MASK] [MASK] trees will the park [MASK] [MASK] [MASK] [MASK] [MASK] finished ?
OUT	There are 5 the same four the two two two two the same plant 10 wa ##ln ##ut 10 " " the other 200 trees will the park be named the one that finished ?

IN	There are 5 apples [MASK] [MASK] [MASK] . Roy has 10 apples [MASK] [MASK] [MASK] . Leticia takes 6 apples [MASK] [MASK] [MASK] [MASK] [MASK] [MASK] [MASK] apples are left [MASK] [MASK] [MASK] ?
OUT	There are 5 apples for the band . Roy has 10 apples for the band . Let ##ici ##a takes 6 apples . . . " and the other apples are left . " . ?

IN	There are 5 apples [MASK] [MASK] [MASK] [MASK] [MASK] [MASK] [MASK] [MASK] apple comes in a package [MASK] [MASK] [MASK] [MASK] [MASK] are added [MASK] [MASK] [MASK] [MASK] [MASK] [MASK] apples are there in the pile ?
OUT	There are 5 apples the cap ##tion is a " The next apple comes in a package " the following films that are added to the film : The five apples are there in the pile ?

IN	There are 5 bananas [MASK] [MASK] [MASK] [MASK] [MASK] . If the bananas are organized [MASK] [MASK] [MASK] , how big is each group [MASK]
OUT	There are 5 banana ##s , the number is 5 . If the banana ##s are organized in a group , how big is each group .

IN	There are 5 blocks . 10 blocks [MASK] [MASK] [MASK] . How many are there total ?
OUT	There are 5 blocks . 10 blocks . 10 blocks . How many are there total ?

IN	There are 5 candies [MASK] [MASK] [MASK] . Roy has 10 candies [MASK] [MASK] [MASK] . Leticia takes 6 candies [MASK] [MASK] [MASK] [MASK] [MASK] [MASK] [MASK] candies are left [MASK] [MASK] [MASK] ?
OUT	There are 5 can ##dies . . " . Roy has 10 can ##dies . " " . Let ##ici ##a takes 6 can ##dies . . " . The other two can ##dies are left for the public ?

IN	There are 5 candies [MASK] [MASK] [MASK] [MASK] [MASK] . If the candies are organized [MASK] [MASK] [MASK] , how big is each group [MASK]
OUT	There are 5 can ##dies , the number is 5 . If the can ##dies are organized in a group , how big is each group ,

IN	There are 5 candies [MASK] [MASK] [MASK] [MASK] [MASK] [MASK] [MASK] [MASK] candy comes in a package [MASK] [MASK] [MASK] [MASK] [MASK] are added [MASK] [MASK] [MASK] [MASK] [MASK] [MASK] candies are there in the pile ?
OUT	There are 5 can ##dies the " " s " " ( the candy comes in a package ) is 5 they all are added to the project " The remaining can ##dies are there in the pile ?

IN	There are 5 cards . 10 cards [MASK] [MASK] [MASK] . How many are there total ?
OUT	There are 5 cards . 10 cards . and more . How many are there total ?

IN	There are 5 crayons [MASK] [MASK] [MASK] in the drawer . Roy placed [MASK] [MASK] in the drawer [MASK] [MASK] [MASK] [MASK] are now there [MASK] [MASK] ?
OUT	There are 5 c ##ray ##ons and a pen in the drawer . Roy placed the game in the drawer . " , we are now there , that ?

IN	There are 5 crayons [MASK] [MASK] drawer . Roy placed [MASK] [MASK] in the drawer [MASK] [MASK] [MASK] [MASK] are now there [MASK] [MASK] ?
OUT	There are 5 c ##ray ##ons in the drawer . Roy placed 5 glasses in the drawer . The glasses that are now there are 5 ?

IN	There are 5 crayons [MASK] [MASK] drawer [MASK] [MASK] [MASK] on the desk . Roy placed [MASK] [MASK] [MASK] [MASK] [MASK] on the desk [MASK] [MASK] [MASK] [MASK] are now there [MASK] [MASK] ?
OUT	There are 5 c ##ray ##ons . . drawer . . " on the desk . Roy placed the " " s " on the desk . The " s are now there . " ?

IN	There are 5 crayons in each box [MASK] [MASK] [MASK] crayons are in 10 boxes ?
OUT	There are 5 c ##ray ##ons in each box " the other c ##ray ##ons are in 10 boxes ?

IN	There are 5 eggs in a box . Roy takes [MASK] eggs . How many are left ?
OUT	There are 5 eggs in a box . Roy takes 5 eggs . How many are left ?

IN	There are 5 eggs in each box [MASK] [MASK] [MASK] eggs are in 10 boxes ?
OUT	There are 5 eggs in each box . the other eggs are in 10 boxes ?

IN	There are 5 erasers [MASK] [MASK] [MASK] . Roy has 10 erasers [MASK] [MASK] [MASK] . Leticia takes 6 erasers [MASK] [MASK] [MASK] [MASK] [MASK] [MASK] [MASK] erasers are left [MASK] [MASK] [MASK] ?
OUT	There are 5 erase ##rs in . Dr . Roy has 10 erase ##rs in his locker . Let ##ici ##a takes 6 erase ##rs . The latter is taken and the erase ##rs are left . " What ?

IN	There are 5 erasers [MASK] [MASK] [MASK] in the drawer . Roy placed [MASK] [MASK] in the drawer [MASK] [MASK] [MASK] [MASK] are now there [MASK] [MASK] ?
OUT	There are 5 erase ##rs . " " in the drawer . Roy placed the book in the drawer . " " they are now there , but ?

IN	There are 5 erasers [MASK] [MASK] drawer [MASK] [MASK] [MASK] on the desk . Roy placed [MASK] [MASK] [MASK] [MASK] [MASK] on the desk [MASK] [MASK] [MASK] [MASK] are now there [MASK] [MASK] ?
OUT	There are 5 erase ##rs . . drawer . . " on the desk . Roy placed the " " s " on the desk . The " s are now there . " ?

IN	There are 5 flowers and 10 bees . How many [MASK] bees are there than flowers ?
OUT	There are 5 flowers and 10 bees . How many more bees are there than flowers ?

IN	There are 5 leaves . There are 10 ladybugs [MASK] [MASK] [MASK] [MASK] [MASK] [MASK] ladybugs are there [MASK] [MASK] ?
OUT	There are 5 leaves . There are 10 lady ##bu ##gs that are the most common of lady ##bu ##gs are there a problem ?

IN	There are 5 marbles . 10 marbles [MASK] [MASK] [MASK] . How many are there total ?
OUT	There are 5 marble ##s . 10 marble ##s . 10 marble . How many are there total ?

IN	There are 5 marbles in each box [MASK] [MASK] [MASK] marbles are in 10 boxes ?
OUT	There are 5 marble ##s in each box . . . marble ##s are in 10 boxes ?

IN	There are 5 oranges . 10 oranges [MASK] [MASK] [MASK] . How many are there total ?
OUT	There are 5 orange ##s . 10 orange ##s . 10 more . How many are there total ?

IN	There are 5 oranges [MASK] [MASK] [MASK] . Roy has 10 oranges [MASK] [MASK] [MASK] . Leticia takes 6 oranges [MASK] [MASK] [MASK] [MASK] [MASK] [MASK] [MASK] oranges are left [MASK] [MASK] [MASK] ?
OUT	There are 5 orange ##s for the group . Roy has 10 orange ##s for the group . Let ##ici ##a takes 6 orange ##s . The following is the way the orange ##s are left : ? ? ?

IN	There are 5 [MASK] in a box . Roy takes 10 oranges . How many are left ?
OUT	There are 5 eggs in a box . Roy takes 10 orange ##s . How many are left ?

IN	There are 5 pencils [MASK] [MASK] [MASK] in the drawer . Roy placed [MASK] [MASK] in the drawer [MASK] [MASK] [MASK] [MASK] are now there [MASK] [MASK] ?
OUT	There are 5 pencil ##s and a needle in the drawer . Roy placed the paper in the drawer . " , they are now there , how ?

IN	There are 5 pencils [MASK] [MASK] drawer . Roy placed [MASK] [MASK] in the drawer [MASK] [MASK] [MASK] [MASK] are now there [MASK] [MASK] ?
OUT	There are 5 pencil ##s in the drawer . Roy placed 5 letters in the drawer . " , they are now there , how ?

IN	There are 5 pencils in [MASK] box . Roy takes 10 pencils . How many are left ?
OUT	There are 5 pencil ##s in the box . Roy takes 10 pencil ##s . How many are left ?

IN	There are 5 rulers [MASK] [MASK] [MASK] in the drawer . Roy placed [MASK] [MASK] in the drawer [MASK] [MASK] [MASK] [MASK] are now there [MASK] [MASK] ?
OUT	There are 5 rulers . " " in the drawer . Roy placed the book in the drawer . The books that are now there are 5 ?

IN	There are 5 scissors [MASK] [MASK] [MASK] in the drawer . Roy placed [MASK] [MASK] in the drawer [MASK] [MASK] [MASK] [MASK] are now there [MASK] [MASK] ?
OUT	There are 5 s ##cis ##sors and a knife in the drawer . Roy placed the knife in the drawer . " , we are now there , that ?

IN	There are 5 scissors [MASK] [MASK] drawer . Roy placed [MASK] [MASK] in the drawer [MASK] [MASK] [MASK] [MASK] are now there [MASK] [MASK] ?
OUT	There are 5 s ##cis ##sors in the drawer . Roy placed 5 letters in the drawer . " , they are now there , how ?

IN	There are 5 short [MASK] [MASK] [MASK] [MASK] trees [MASK] [MASK] [MASK] [MASK] [MASK] [MASK] [MASK] [MASK] plant 10 short trees [MASK] [MASK] [MASK] [MASK] [MASK] trees will the park [MASK] [MASK] [MASK] [MASK] [MASK] finished ?
OUT	There are 5 short the the the only trees was the front of the front the was plant 10 short trees the other was the only trees will the park be built , or even finished ?

IN	There are 5 students [MASK] [MASK] [MASK] [MASK] [MASK] [MASK] . If the apples are divided [MASK] [MASK] [MASK] [MASK] , how many does each student [MASK] [MASK]
OUT	There are 5 students . . " The students agree . If the apples are divided , the apples divided , how many does each student . "

IN	There are 5 students [MASK] [MASK] [MASK] [MASK] [MASK] [MASK] . If the eggs are divided [MASK] [MASK] [MASK] [MASK] , how many does each student [MASK] [MASK]
OUT	There are 5 students the . . . egg exists . If the eggs are divided the same way as , how many does each student have a

IN	There are 5 students [MASK] [MASK] [MASK] [MASK] [MASK] [MASK] . If the tickets are divided [MASK] [MASK] [MASK] [MASK] , how many does each student [MASK] [MASK]
OUT	There are 5 students . . , the students die . If the tickets are divided ( and so ) , how many does each student have .

IN	There were 5 bales [MASK] [MASK] [MASK] [MASK] barn . Roy stacked [MASK] in the barn [MASK] [MASK] [MASK] are now 10 bales [MASK] [MASK] [MASK] [MASK] barn [MASK] [MASK] [MASK] [MASK] did he store [MASK] [MASK] [MASK] ?
OUT	There were 5 b ##ales . A . A barn . Roy stacked them in the barn . The following are now 10 b ##ales . A . A barn . The following : did he store the " " ?

IN	There were 5 bales [MASK] [MASK] [MASK] [MASK] barn [MASK] [MASK] [MASK] in the [MASK] . Roy stacked [MASK] in the barn [MASK] [MASK] [MASK] are now 10 bales [MASK] [MASK] [MASK] [MASK] barn [MASK] [MASK] [MASK] [MASK] did he store [MASK] [MASK] [MASK] ?
OUT	There were 5 b ##ales . He named the barn . He put in the floor . Roy stacked them in the barn . The floors are now 10 b ##ales . also the new barn . The barn . did he store the hay ? ?

IN	[MASK] [MASK] Roy had 5 dollars [MASK] [MASK] had 10 dollars . Roy [MASK] [MASK] over the weekend [MASK] [MASK] has 6 dollars [MASK] [MASK] [MASK] [MASK] did Roy make [MASK] [MASK] ?
OUT	the . Roy had 5 dollars . I had 10 dollars . Roy was even over the weekend . . has 6 dollars . . " How did Roy make the decision ?

IN	[MASK] [MASK] [MASK] [MASK] [MASK] [MASK] [MASK] [MASK] [MASK] for 5 cups of flour and 10 cups of sugar [MASK] [MASK] [MASK] [MASK] [MASK] [MASK] [MASK] of flour . How many cups of flour does she need [MASK] [MASK] [MASK]
OUT	. . . When the child has asked her for 5 cups of flour and 10 cups of sugar , she has asked for more cups of flour . How many cups of flour does she need ? . .

IN	[MASK] [MASK] [MASK] [MASK] [MASK] [MASK] stars [MASK] [MASK] [MASK] [MASK] [MASK] [MASK] [MASK] [MASK] earned 5 gold stars . Today , he earned 10 more . How many gold stars did Roy earn [MASK] [MASK] [MASK]
OUT	. . . . gold gold stars . " " Yes . Today he had earned 5 gold stars . Today , he earned 10 more . How many gold stars did Roy earn ? " "

IN	[MASK] [MASK] [MASK] [MASK] [MASK] [MASK] stars [MASK] [MASK] [MASK] [MASK] [MASK] [MASK] [MASK] [MASK] earned 5 gold stars . Today , she earned 10 more . How many gold stars did Roy earn [MASK] [MASK] [MASK]
OUT	. . . . gold gold stars . " " Yes . " She had earned 5 gold stars . Today , she earned 10 more . How many gold stars did Roy earn ? " "

IN	[MASK] [MASK] [MASK] [MASK] bought 5 pounds of green peppers and 10 pounds of red peppers . How many pounds of peppers did [MASK] 's Vegetarian Restaurant buy [MASK] [MASK] [MASK]
OUT	" I also have bought 5 pounds of green pepper ##s and 10 pounds of red pepper ##s . How many pounds of pepper ##s did Joe ' s V ##ege ##tarian Restaurant buy ? The most

IN	[MASK] bought 5 pounds of peanuts and 10 pounds of raisins . How many pounds of [MASK] did she buy [MASK] [MASK] [MASK]
OUT	. bought 5 pounds of p ##eanut ##s and 10 pounds of r ##ais ##ins . How many pounds of marijuana did she buy . . .

IN	[MASK] has 5 baseball cards . Leticia bought 10 of Roy 's [MASK] cards . How many baseball cards does Roy have [MASK] [MASK]
OUT	. has 5 baseball cards . Let ##ici ##a bought 10 of Roy ' s baseball cards . How many baseball cards does Roy have the following

IN	[MASK] has 5 baseball cards . Leticia bought 10 of Roy Rosario [MASK] cards . How many baseball cards does Roy have [MASK] [MASK]
OUT	. has 5 baseball cards . Let ##ici ##a bought 10 of Roy Rosario baseball cards . How many baseball cards does Roy have to have

IN	[MASK] has 5 bottle caps . He buys 10 more . How many bottle caps does Roy have [MASK] [MASK] [MASK]
OUT	. has 5 bottle caps . He buys 10 more . How many bottle caps does Roy have , and so

IN	[MASK] has 5 bottle caps . She buys 10 more . How many bottle caps does Roy have [MASK] [MASK] [MASK]
OUT	. has 5 bottle caps . She buys 10 more . How many bottle caps does Roy have that way ?

IN	[MASK] has 5 orange balloons but lost 10 of them . How many orange balloons does Roy have [MASK] [MASK]
OUT	. has 5 orange balloons but lost 10 of them . How many orange balloons does Roy have to have

IN	[MASK] starts with 5 bottle caps . He gets 10 more from Leticia . How many bottle caps does Roy end [MASK] [MASK]
OUT	. starts with 5 bottle caps . He gets 10 more from Let ##ici ##a . How many bottle caps does Roy end with ?

